<?xml version="1.0" encoding="UTF-8"?>
<!-- Generated by org.testng.reporters.JUnitReportReporter -->
<testsuite hostname="MSI" failures="0" tests="5" name="runner.TestRunner" time="157.122" errors="0" timestamp="2025-03-19T12:04:52 IST" skipped="0">
  <testcase classname="runner.TestRunner" name="runScenario" time="32.351"/>
  <system-out/>
  <testcase classname="runner.TestRunner" name="runScenario" time="12.376"/>
  <system-out/>
  <testcase classname="runner.TestRunner" name="runScenario" time="44.325"/>
  <system-out/>
  <testcase classname="runner.TestRunner" name="runScenario" time="37.700"/>
  <system-out/>
  <testcase classname="runner.TestRunner" name="runScenario" time="30.370"/>
  <system-out/>
</testsuite> <!-- runner.TestRunner -->
